#
# A fatal error has been detected by the Java Runtime Environment:
#
#  EXCEPTION_ACCESS_VIOLATION (0xc0000005) at pc=0x00007ffd988884c0, pid=7876, tid=6664
#
# JRE version: OpenJDK Runtime Environment (17.0.1+12) (build 17.0.1+12-39)
# Java VM: OpenJDK 64-Bit Server VM (17.0.1+12-39, mixed mode, sharing, tiered, compressed oops, compressed class ptrs, g1 gc, windows-amd64)
# Problematic frame:
# V  [jvm.dll+0x6984c0]
#
# No core dump will be written. Minidumps are not enabled by default on client versions of Windows
#
# If you would like to submit a bug report, please visit:
#   https://bugreport.java.com/bugreport/crash.jsp
#

---------------  S U M M A R Y ------------

Command Line: -javaagent:G:\programowanie\intellij\IntelliJ IDEA Community Edition 2021.3\lib\idea_rt.jar=53975:G:\programowanie\intellij\IntelliJ IDEA Community Edition 2021.3\bin -Dfile.encoding=UTF-8 com.test.manytomany.ManytomanyApplication

Host: AMD Ryzen 5 5600X 6-Core Processor             , 12 cores, 31G,  Windows 10 , 64 bit Build 22000 (10.0.22000.318)
Time: Thu Dec 30 16:06:38 2021  Windows 10 , 64 bit Build 22000 (10.0.22000.318) elapsed time: 2.309460 seconds (0d 0h 0m 2s)

---------------  T H R E A D  ---------------

Current thread (0x000001f42e3a17b0):  JavaThread "C2 CompilerThread0" daemon [_thread_in_native, id=6664, stack(0x000000b40fb00000,0x000000b40fc00000)]


Current CompileTask:
C2:   2309 4445       4       org.springframework.beans.factory.support.AbstractBeanFactory::isTypeMatch (607 bytes)

Stack: [0x000000b40fb00000,0x000000b40fc00000],  sp=0x000000b40fbfb8a0,  free space=1006k
Native frames: (J=compiled Java code, j=interpreted, Vv=VM code, C=native code)
V  [jvm.dll+0x6984c0]
V  [jvm.dll+0x69835b]
V  [jvm.dll+0x1b99ec]
V  [jvm.dll+0x215d49]
V  [jvm.dll+0x215011]
V  [jvm.dll+0x1a168d]
V  [jvm.dll+0x224848]
V  [jvm.dll+0x2229ac]
V  [jvm.dll+0x78435b]
V  [jvm.dll+0x77e91a]
V  [jvm.dll+0x66e845]
C  [ucrtbase.dll+0x26c0c]
C  [KERNEL32.DLL+0x154e0]
C  [ntdll.dll+0x485b]


siginfo: EXCEPTION_ACCESS_VIOLATION (0xc0000005), reading address 0x000001f50a1a7e40


Register to memory mapping:

RIP=0x00007ffd988884c0 jvm.dll
RAX=0x0000000034e957c0 is an unknown value
RBX=0x0 is NULL
RCX=0x000000b40fbfbe80 is pointing into the stack for thread: 0x000001f42e3a17b0
RDX=0x000001f4325fe500 points into unknown readable memory: 0x00007ffd98a45ef8 | f8 5e a4 98 fd 7f 00 00
RSP=0x000000b40fbfb8a0 is pointing into the stack for thread: 0x000001f42e3a17b0
RBP=0x000001f43517cfc0 points into unknown readable memory: 0x00007ffd98aa57f0 | f0 57 aa 98 fd 7f 00 00
RSI=0x0000000000000003 is an unknown value
RDI=0x000001f4325fe500 points into unknown readable memory: 0x00007ffd98a45ef8 | f8 5e a4 98 fd 7f 00 00
R8 =0x0000000000000002 is an unknown value
R9 =0x000001f4325fe6a0 points into unknown readable memory: 0x000001f43517cf50 | 50 cf 17 35 f4 01 00 00
R10=0x000001f436751f40 points into unknown readable memory: 0x0000000000000000 | 00 00 00 00 00 00 00 00
R11=0x000001f4325feda0 points into unknown readable memory: 0x000001f434e957c0 | c0 57 e9 34 f4 01 00 00
R12=0x000000b40fbfbe80 is pointing into the stack for thread: 0x000001f42e3a17b0
R13=0x0000000000000278 is an unknown value
R14=0x0000000000000010 is an unknown value
R15=0x000001f4325fe500 points into unknown readable memory: 0x00007ffd98a45ef8 | f8 5e a4 98 fd 7f 00 00


Registers:
RAX=0x0000000034e957c0, RBX=0x0000000000000000, RCX=0x000000b40fbfbe80, RDX=0x000001f4325fe500
RSP=0x000000b40fbfb8a0, RBP=0x000001f43517cfc0, RSI=0x0000000000000003, RDI=0x000001f4325fe500
R8 =0x0000000000000002, R9 =0x000001f4325fe6a0, R10=0x000001f436751f40, R11=0x000001f4325feda0
R12=0x000000b40fbfbe80, R13=0x0000000000000278, R14=0x0000000000000010, R15=0x000001f4325fe500
RIP=0x00007ffd988884c0, EFLAGS=0x0000000000010246

Top of Stack: (sp=0x000000b40fbfb8a0)
0x000000b40fbfb8a0:   00000000000005bb 000001f434e973a0
0x000000b40fbfb8b0:   000001f42f1e72d0 000001f435313ea0
0x000000b40fbfb8c0:   0000000000000030 00007ffd984054d2
0x000000b40fbfb8d0:   0000000000000278 000001f435313ea0
0x000000b40fbfb8e0:   000000b40fbfbe80 00000000000000ff
0x000000b40fbfb8f0:   000001f4325fe500 000001f43517cfc0
0x000000b40fbfb900:   0000000000000002 00007ffd9888835b
0x000000b40fbfb910:   000001f400000000 0000000000000010
0x000000b40fbfb920:   0000000000000002 0000000000000005
0x000000b40fbfb930:   000000b40fbfb948 000001f4369a71e0
0x000000b40fbfb940:   000001f435319fd8 0000027800000278
0x000000b40fbfb950:   000001f435313ea0 0000000000000000
0x000000b40fbfb960:   0000001300000000 0000000000000000
0x000000b40fbfb970:   000001f42f240000 0000000000000000
0x000000b40fbfb980:   0000000000000000 00007ffd98b38658
0x000000b40fbfb990:   0000000000000000 0000000000000000 

Instructions: (pc=0x00007ffd988884c0)
0x00007ffd988883c0:   4c 89 00 4c 89 40 08 48 8d 40 10 48 83 e9 01 75
0x00007ffd988883d0:   ef 49 8b 46 48 41 ff c4 44 3b 60 40 0f 82 0e ff
0x00007ffd988883e0:   ff ff 48 8b 9c 24 10 01 00 00 48 8b ac 24 18 01
0x00007ffd988883f0:   00 00 48 83 7d 00 00 4c 8b bc 24 c8 00 00 00 4c
0x00007ffd98888400:   8b b4 24 d0 00 00 00 4c 8b ac 24 d8 00 00 00 4c
0x00007ffd98888410:   8b a4 24 e0 00 00 00 48 8b bc 24 e8 00 00 00 48
0x00007ffd98888420:   8b b4 24 f0 00 00 00 74 18 48 8b 94 24 20 01 00
0x00007ffd98888430:   00 48 8b cb e8 77 24 a1 ff 48 8b cd e8 df 23 a1
0x00007ffd98888440:   ff 48 8b 84 24 28 01 00 00 48 8d 4c 24 50 48 89
0x00007ffd98888450:   43 18 48 8b 44 24 30 48 89 43 20 48 89 6b 10 e8
0x00007ffd98888460:   0c d2 b7 ff 48 81 c4 f8 00 00 00 5d 5b c3 cc cc
0x00007ffd98888470:   48 8b 41 08 48 8b 48 08 48 8b 01 48 ff 60 78 cc
0x00007ffd98888480:   44 89 44 24 18 53 55 57 41 54 41 56 41 57 48 83
0x00007ffd98888490:   ec 38 4c 8b 91 08 01 00 00 49 8b e9 4c 8b 4a 08
0x00007ffd988884a0:   33 db 41 8b c0 4c 8b fa 4c 8b e1 4c 8d 34 c5 00
0x00007ffd988884b0:   00 00 00 4f 8b 1c 0e 4c 89 74 24 78 49 63 43 28
0x00007ffd988884c0:   41 8b 3c 82 89 7c 24 70 85 ff 0f 84 bc 02 00 00
0x00007ffd988884d0:   48 8b 41 70 48 69 d7 b0 00 00 00 48 8b 48 20 48
0x00007ffd988884e0:   83 7c 0a 18 ff 0f 85 a1 02 00 00 4c 8b 84 24 90
0x00007ffd988884f0:   00 00 00 48 89 b4 24 88 00 00 00 48 63 74 0a 30
0x00007ffd98888500:   49 8b c9 48 c1 e6 04 4d 8b 40 08 4c 89 6c 24 30
0x00007ffd98888510:   49 8b d0 48 89 74 24 20 4e 8b 2c 06 4d 85 ed 0f
0x00007ffd98888520:   84 37 02 00 00 49 63 45 28 41 3b 3c 82 0f 85 29
0x00007ffd98888530:   02 00 00 4d 3b eb 0f 84 20 02 00 00 41 8b 45 2c
0x00007ffd98888540:   25 ff 01 00 00 3d 02 01 00 00 75 08 49 8b f5 e9
0x00007ffd98888550:   bc 01 00 00 65 48 8b 04 25 58 00 00 00 8b 0d 15
0x00007ffd98888560:   f4 48 00 48 8b 1c c8 b8 48 00 00 00 80 3c 18 00
0x00007ffd98888570:   75 05 e8 25 1c 19 00 b8 18 00 00 00 48 8b 04 18
0x00007ffd98888580:   48 8b 88 d0 04 00 00 48 8b 99 80 00 00 00 48 81
0x00007ffd98888590:   c3 68 02 00 00 48 8b 73 18 48 83 fe b7 76 18 4c
0x00007ffd988885a0:   8d 05 c2 29 1a 00 ba 48 00 00 00 48 8b cb e8 7d
0x00007ffd988885b0:   23 a1 ff 48 8b 73 18 48 8d 46 48 48 3b 43 20 76 


Stack slot to memory mapping:
stack at sp + 0 slots: 0x00000000000005bb is an unknown value
stack at sp + 1 slots: 0x000001f434e973a0 points into unknown readable memory: 0x00007ffd98a3b718 | 18 b7 a3 98 fd 7f 00 00
stack at sp + 2 slots: 0x000001f42f1e72d0 points into unknown readable memory: 0x00007ffd98aa57f0 | f0 57 aa 98 fd 7f 00 00
stack at sp + 3 slots: 0x000001f435313ea0 points into unknown readable memory: 0x0000000000000000 | 00 00 00 00 00 00 00 00
stack at sp + 4 slots: 0x0000000000000030 is an unknown value
stack at sp + 5 slots: 0x00007ffd984054d2 jvm.dll
stack at sp + 6 slots: 0x0000000000000278 is an unknown value
stack at sp + 7 slots: 0x000001f435313ea0 points into unknown readable memory: 0x0000000000000000 | 00 00 00 00 00 00 00 00


---------------  P R O C E S S  ---------------

Threads class SMR info:
_java_thread_list=0x000001f43097c3c0, length=22, elements={
0x000001f47fdfaa40, 0x000001f42e37f8f0, 0x000001f42e380760, 0x000001f42e3988a0,
0x000001f42e39b260, 0x000001f42e39bc10, 0x000001f42e39d5d0, 0x000001f42e3a17b0,
0x000001f42e3ac270, 0x000001f42e3b8360, 0x000001f42de183b0, 0x000001f42e693ce0,
0x000001f42f1ce7b0, 0x000001f42f1cec80, 0x000001f42f86e3e0, 0x000001f42f796330,
0x000001f42ff2e380, 0x000001f4324638d0, 0x000001f431f7dd20, 0x000001f43031b5b0,
0x000001f43031b0e0, 0x000001f430317bf0
}

Java Threads: ( => current thread )
  0x000001f47fdfaa40 JavaThread "main" [_thread_blocked, id=8564, stack(0x000000b40ee00000,0x000000b40ef00000)]
  0x000001f42e37f8f0 JavaThread "Reference Handler" daemon [_thread_blocked, id=6080, stack(0x000000b40f500000,0x000000b40f600000)]
  0x000001f42e380760 JavaThread "Finalizer" daemon [_thread_blocked, id=5472, stack(0x000000b40f600000,0x000000b40f700000)]
  0x000001f42e3988a0 JavaThread "Signal Dispatcher" daemon [_thread_blocked, id=12608, stack(0x000000b40f700000,0x000000b40f800000)]
  0x000001f42e39b260 JavaThread "Attach Listener" daemon [_thread_blocked, id=14292, stack(0x000000b40f800000,0x000000b40f900000)]
  0x000001f42e39bc10 JavaThread "Service Thread" daemon [_thread_blocked, id=5048, stack(0x000000b40f900000,0x000000b40fa00000)]
  0x000001f42e39d5d0 JavaThread "Monitor Deflation Thread" daemon [_thread_blocked, id=5952, stack(0x000000b40fa00000,0x000000b40fb00000)]
=>0x000001f42e3a17b0 JavaThread "C2 CompilerThread0" daemon [_thread_in_native, id=6664, stack(0x000000b40fb00000,0x000000b40fc00000)]
  0x000001f42e3ac270 JavaThread "C1 CompilerThread0" daemon [_thread_in_native, id=11592, stack(0x000000b40fc00000,0x000000b40fd00000)]
  0x000001f42e3b8360 JavaThread "Sweeper thread" daemon [_thread_blocked, id=9096, stack(0x000000b40fd00000,0x000000b40fe00000)]
  0x000001f42de183b0 JavaThread "Common-Cleaner" daemon [_thread_blocked, id=19044, stack(0x000000b40fe00000,0x000000b40ff00000)]
  0x000001f42e693ce0 JavaThread "C2 CompilerThread1" daemon [_thread_in_native, id=8056, stack(0x000000b40ff00000,0x000000b410000000)]
  0x000001f42f1ce7b0 JavaThread "Monitor Ctrl-Break" daemon [_thread_in_native, id=4600, stack(0x000000b410000000,0x000000b410100000)]
  0x000001f42f1cec80 JavaThread "Notification Thread" daemon [_thread_blocked, id=9776, stack(0x000000b410100000,0x000000b410200000)]
  0x000001f42f86e3e0 JavaThread "Thread-0" [_thread_blocked, id=15584, stack(0x000000b410c00000,0x000000b410d00000)]
  0x000001f42f796330 JavaThread "restartedMain" [_thread_in_Java, id=15664, stack(0x000000b410d00000,0x000000b410e00000)]
  0x000001f42ff2e380 JavaThread "C2 CompilerThread2" daemon [_thread_in_native, id=6148, stack(0x000000b410e00000,0x000000b410f00000)]
  0x000001f4324638d0 JavaThread "Catalina-utility-1" [_thread_blocked, id=8080, stack(0x000000b411100000,0x000000b411200000)]
  0x000001f431f7dd20 JavaThread "Catalina-utility-2" [_thread_blocked, id=9448, stack(0x000000b411200000,0x000000b411300000)]
  0x000001f43031b5b0 JavaThread "container-0" [_thread_blocked, id=19188, stack(0x000000b411300000,0x000000b411400000)]
  0x000001f43031b0e0 JavaThread "HikariPool-1 housekeeper" daemon [_thread_blocked, id=9900, stack(0x000000b411500000,0x000000b411600000)]
  0x000001f430317bf0 JavaThread "HikariPool-1 connection adder" daemon [_thread_blocked, id=9200, stack(0x000000b411600000,0x000000b411700000)]

Other Threads:
  0x000001f42e378cd0 VMThread "VM Thread" [stack: 0x000000b40f400000,0x000000b40f500000] [id=2304]
  0x000001f47fdfbcc0 WatcherThread [stack: 0x000000b410200000,0x000000b410300000] [id=14208]
  0x000001f47fe718d0 GCTaskThread "GC Thread#0" [stack: 0x000000b40ef00000,0x000000b40f000000] [id=6512]
  0x000001f42f483c90 GCTaskThread "GC Thread#1" [stack: 0x000000b410300000,0x000000b410400000] [id=17140]
  0x000001f42f9177f0 GCTaskThread "GC Thread#2" [stack: 0x000000b410400000,0x000000b410500000] [id=5740]
  0x000001f42f7d0690 GCTaskThread "GC Thread#3" [stack: 0x000000b410500000,0x000000b410600000] [id=18732]
  0x000001f42f7d0940 GCTaskThread "GC Thread#4" [stack: 0x000000b410600000,0x000000b410700000] [id=1824]
  0x000001f42f7d1c10 GCTaskThread "GC Thread#5" [stack: 0x000000b410700000,0x000000b410800000] [id=19360]
  0x000001f42f7f7dd0 GCTaskThread "GC Thread#6" [stack: 0x000000b410800000,0x000000b410900000] [id=17584]
  0x000001f42f7f8910 GCTaskThread "GC Thread#7" [stack: 0x000000b410900000,0x000000b410a00000] [id=17304]
  0x000001f42f7f97f0 GCTaskThread "GC Thread#8" [stack: 0x000000b410a00000,0x000000b410b00000] [id=13348]
  0x000001f42f7f9f20 GCTaskThread "GC Thread#9" [stack: 0x000000b410b00000,0x000000b410c00000] [id=996]
  0x000001f47fe82790 ConcurrentGCThread "G1 Main Marker" [stack: 0x000000b40f000000,0x000000b40f100000] [id=7076]
  0x000001f47fe83940 ConcurrentGCThread "G1 Conc#0" [stack: 0x000000b40f100000,0x000000b40f200000] [id=8524]
  0x000001f42fb29070 ConcurrentGCThread "G1 Conc#1" [stack: 0x000000b410f00000,0x000000b411000000] [id=10060]
  0x000001f42fb29880 ConcurrentGCThread "G1 Conc#2" [stack: 0x000000b411000000,0x000000b411100000] [id=10460]
  0x000001f42dce7c70 ConcurrentGCThread "G1 Refine#0" [stack: 0x000000b40f200000,0x000000b40f300000] [id=14920]
  0x000001f47fec6860 ConcurrentGCThread "G1 Service" [stack: 0x000000b40f300000,0x000000b40f400000] [id=18476]

Threads with active compile tasks:
C2 CompilerThread0     2335 4445       4       org.springframework.beans.factory.support.AbstractBeanFactory::isTypeMatch (607 bytes)
C1 CompilerThread0     2335 4632       3       java.util.regex.Pattern::sequence (647 bytes)
C2 CompilerThread1     2335 4463   !   4       org.springframework.core.annotation.AnnotationsScanner::processClassHierarchy (227 bytes)
C2 CompilerThread2     2335 4579       4       org.springframework.util.ConcurrentReferenceHashMap::get (37 bytes)

VM state: not at safepoint (normal execution)

VM Mutex/Monitor currently owned by a thread: None

Heap address: 0x0000000601000000, size: 8176 MB, Compressed Oops mode: Zero based, Oop shift amount: 3

CDS archive(s) mapped at: [0x0000000800000000-0x0000000800bc0000-0x0000000800bc0000), size 12320768, SharedBaseAddress: 0x0000000800000000, ArchiveRelocationMode: 0.
Compressed class space mapped at: 0x0000000800c00000-0x0000000840c00000, reserved size: 1073741824
Narrow klass base: 0x0000000800000000, Narrow klass shift: 0, Narrow klass range: 0x100000000

GC Precious Log:
 CPUs: 12 total, 12 available
 Memory: 32694M
 Large Page Support: Disabled
 NUMA Support: Disabled
 Compressed Oops: Enabled (Zero based)
 Heap Region Size: 4M
 Heap Min Capacity: 8M
 Heap Initial Capacity: 512M
 Heap Max Capacity: 8176M
 Pre-touch: Disabled
 Parallel Workers: 10
 Concurrent Workers: 3
 Concurrent Refinement Workers: 10
 Periodic GC: Disabled

Heap:
 garbage-first heap   total 81920K, used 29496K [0x0000000601000000, 0x0000000800000000)
  region size 4096K, 4 young (16384K), 1 survivors (4096K)
 Metaspace       used 48739K, committed 49088K, reserved 1097728K
  class space    used 6581K, committed 6784K, reserved 1048576K

Heap Regions: E=young(eden), S=young(survivor), O=old, HS=humongous(starts), HC=humongous(continues), CS=collection set, F=free, OA=open archive, CA=closed archive, TAMS=top-at-mark-start (previous, next)
|   0|0x0000000601000000, 0x0000000601400000, 0x0000000601400000|100%| O|  |TAMS 0x0000000601400000, 0x0000000601000000| Untracked 
|   1|0x0000000601400000, 0x0000000601800000, 0x0000000601800000|100%| O|  |TAMS 0x0000000601400000, 0x0000000601400000| Untracked 
|   2|0x0000000601800000, 0x0000000601bd9e00, 0x0000000601c00000| 96%| O|  |TAMS 0x0000000601800000, 0x0000000601800000| Untracked 
|   3|0x0000000601c00000, 0x0000000601c00000, 0x0000000602000000|  0%| F|  |TAMS 0x0000000601c00000, 0x0000000601c00000| Untracked 
|   4|0x0000000602000000, 0x0000000602000000, 0x0000000602400000|  0%| F|  |TAMS 0x0000000602000000, 0x0000000602000000| Untracked 
|   5|0x0000000602400000, 0x0000000602800000, 0x0000000602800000|100%| O|  |TAMS 0x0000000602800000, 0x0000000602400000| Untracked 
|   6|0x0000000602800000, 0x0000000602c00000, 0x0000000602c00000|100%| O|  |TAMS 0x0000000602c00000, 0x0000000602800000| Untracked 
|   7|0x0000000602c00000, 0x0000000602c00000, 0x0000000603000000|  0%| F|  |TAMS 0x0000000602c00000, 0x0000000602c00000| Untracked 
|   8|0x0000000603000000, 0x0000000603000000, 0x0000000603400000|  0%| F|  |TAMS 0x0000000603000000, 0x0000000603000000| Untracked 
|   9|0x0000000603400000, 0x0000000603400000, 0x0000000603800000|  0%| F|  |TAMS 0x0000000603400000, 0x0000000603400000| Untracked 
|  10|0x0000000603800000, 0x0000000603800000, 0x0000000603c00000|  0%| F|  |TAMS 0x0000000603800000, 0x0000000603800000| Untracked 
|  11|0x0000000603c00000, 0x0000000603c00000, 0x0000000604000000|  0%| F|  |TAMS 0x0000000603c00000, 0x0000000603c00000| Untracked 
|  12|0x0000000604000000, 0x0000000604000000, 0x0000000604400000|  0%| F|  |TAMS 0x0000000604000000, 0x0000000604000000| Untracked 
|  13|0x0000000604400000, 0x0000000604400000, 0x0000000604800000|  0%| F|  |TAMS 0x0000000604400000, 0x0000000604400000| Untracked 
|  14|0x0000000604800000, 0x0000000604800000, 0x0000000604c00000|  0%| F|  |TAMS 0x0000000604800000, 0x0000000604800000| Untracked 
|  15|0x0000000604c00000, 0x0000000604c00000, 0x0000000605000000|  0%| F|  |TAMS 0x0000000604c00000, 0x0000000604c00000| Untracked 
|  16|0x0000000605000000, 0x0000000605286970, 0x0000000605400000| 63%| E|  |TAMS 0x0000000605000000, 0x0000000605000000| Complete 
|  17|0x0000000605400000, 0x0000000605800000, 0x0000000605800000|100%| E|CS|TAMS 0x0000000605400000, 0x0000000605400000| Complete 
|  53|0x000000060e400000, 0x000000060e4f43c0, 0x000000060e800000| 23%| S|CS|TAMS 0x000000060e400000, 0x000000060e400000| Complete 
| 127|0x0000000620c00000, 0x0000000621000000, 0x0000000621000000|100%| E|CS|TAMS 0x0000000620c00000, 0x0000000620c00000| Complete 

Card table byte_map: [0x000001f4196c0000,0x000001f41a6c0000] _byte_map_base: 0x000001f4166b8000

Marking Bits (Prev, Next): (CMBitMap*) 0x000001f47fe71ee0, (CMBitMap*) 0x000001f47fe71f20
 Prev Bits: [0x000001f41b6c0000, 0x000001f423680000)
 Next Bits: [0x000001f423680000, 0x000001f42b640000)

Polling page: 0x000001f47fa10000

Metaspace:

Usage:
  Non-class:     41.18 MB used.
      Class:      6.43 MB used.
       Both:     47.61 MB used.

Virtual space:
  Non-class space:       48.00 MB reserved,      41.38 MB ( 86%) committed,  6 nodes.
      Class space:        1.00 GB reserved,       6.62 MB ( <1%) committed,  1 nodes.
             Both:        1.05 GB reserved,      48.00 MB (  4%) committed. 

Chunk freelists:
   Non-Class:  2.23 MB
       Class:  1.44 MB
        Both:  3.67 MB

MaxMetaspaceSize: unlimited
CompressedClassSpaceSize: 1.00 GB
Initial GC threshold: 21.00 MB
Current GC threshold: 59.00 MB
CDS: on
MetaspaceReclaimPolicy: balanced
 - commit_granule_bytes: 65536.
 - commit_granule_words: 8192.
 - virtual_space_node_default_size: 1048576.
 - enlarge_chunks_in_place: 1.
 - new_chunks_are_fully_committed: 0.
 - uncommit_free_chunks: 1.
 - use_allocation_guard: 0.
 - handle_deallocations: 1.


Internal statistics:

num_allocs_failed_limit: 6.
num_arena_births: 374.
num_arena_deaths: 0.
num_vsnodes_births: 7.
num_vsnodes_deaths: 0.
num_space_committed: 768.
num_space_uncommitted: 0.
num_chunks_returned_to_freelist: 6.
num_chunks_taken_from_freelist: 2106.
num_chunk_merges: 6.
num_chunk_splits: 1527.
num_chunks_enlarged: 1211.
num_purges: 0.
num_inconsistent_stats: 0.

CodeHeap 'non-profiled nmethods': size=120000Kb used=2527Kb max_used=2922Kb free=117472Kb
 bounds [0x000001f410600000, 0x000001f4108e0000, 0x000001f417b30000]
CodeHeap 'profiled nmethods': size=120000Kb used=7665Kb max_used=9473Kb free=112335Kb
 bounds [0x000001f4090d0000, 0x000001f409a20000, 0x000001f410600000]
CodeHeap 'non-nmethods': size=5760Kb used=1256Kb max_used=1297Kb free=4503Kb
 bounds [0x000001f408b30000, 0x000001f408da0000, 0x000001f4090d0000]
 total_blobs=4475 nmethods=3905 adapters=482
 compilation: enabled
              stopped_count=0, restarted_count=0
 full_count=0

Compilation events (20 events):
Event: 2.287 Thread 0x000001f42e3ac270 4581       3       org.springframework.data.repository.core.support.MethodLookups$RepositoryAwareMethodLookup::lambda$getLookups$3 (36 bytes)
Event: 2.288 Thread 0x000001f42e3ac270 nmethod 4581 0x000001f409250910 code [0x000001f409250d20, 0x000001f409252e18]
Event: 2.288 Thread 0x000001f42e3ac270 4582       3       org.springframework.data.repository.core.support.MethodLookups$RepositoryAwareMethodLookup$$Lambda$923/0x0000000801266c48::<init> (10 bytes)
Event: 2.288 Thread 0x000001f42e3ac270 nmethod 4582 0x000001f40920cb10 code [0x000001f40920cca0, 0x000001f40920ce58]
Event: 2.288 Thread 0x000001f42e3ac270 4583       3       org.springframework.data.repository.core.support.MethodLookups$RepositoryAwareMethodLookup$$Lambda$923/0x0000000801266c48::test (12 bytes)
Event: 2.288 Thread 0x000001f42e3ac270 nmethod 4583 0x000001f409669610 code [0x000001f4096697e0, 0x000001f409669b48]
Event: 2.288 Thread 0x000001f42e3ac270 4584       3       org.springframework.data.repository.core.support.MethodLookups$RepositoryAwareMethodLookup::lambda$null$0 (12 bytes)
Event: 2.288 Thread 0x000001f42e3ac270 nmethod 4584 0x000001f409999f90 code [0x000001f40999a140, 0x000001f40999a328]
Event: 2.288 Thread 0x000001f42e3ac270 4585       3       org.springframework.data.repository.core.support.MethodLookups$RepositoryAwareMethodLookup$$Lambda$924/0x0000000801266e98::<init> (10 bytes)
Event: 2.288 Thread 0x000001f42e3ac270 nmethod 4585 0x000001f40928e090 code [0x000001f40928e220, 0x000001f40928e3d8]
Event: 2.288 Thread 0x000001f42e3ac270 4586       3       org.springframework.data.repository.core.support.MethodLookups$RepositoryAwareMethodLookup$$Lambda$925/0x00000008012670e8::<init> (15 bytes)
Event: 2.288 Thread 0x000001f42e3ac270 nmethod 4586 0x000001f409436190 code [0x000001f409436340, 0x000001f409436578]
Event: 2.291 Thread 0x000001f42e3ac270 4587       3       java.lang.Iterable::spliterator (11 bytes)
Event: 2.291 Thread 0x000001f42e3ac270 nmethod 4587 0x000001f4099ca710 code [0x000001f4099ca900, 0x000001f4099caf78]
Event: 2.291 Thread 0x000001f42e3ac270 4588       3       java.util.Spliterators::spliteratorUnknownSize (16 bytes)
Event: 2.292 Thread 0x000001f42e3ac270 nmethod 4588 0x000001f40973f910 code [0x000001f40973fae0, 0x000001f409740028]
Event: 2.292 Thread 0x000001f42e3ac270 4589       3       java.util.Spliterators$IteratorSpliterator::<init> (31 bytes)
Event: 2.292 Thread 0x000001f42e3ac270 nmethod 4589 0x000001f409441d90 code [0x000001f409441f20, 0x000001f409442138]
Event: 2.295 Thread 0x000001f42e3ac270 4590       3       org.springframework.data.util.Streamable::stream (11 bytes)
Event: 2.295 Thread 0x000001f42e3ac270 nmethod 4590 0x000001f4094da410 code [0x000001f4094da5c0, 0x000001f4094da7b8]

GC Heap History (20 events):
Event: 0.243 GC heap before
{Heap before GC invocations=0 (full 0):
 garbage-first heap   total 524288K, used 20480K [0x0000000601000000, 0x0000000800000000)
  region size 4096K, 6 young (24576K), 0 survivors (0K)
 Metaspace       used 4398K, committed 4608K, reserved 1056768K
  class space    used 475K, committed 576K, reserved 1048576K
}
Event: 0.245 GC heap after
{Heap after GC invocations=1 (full 0):
 garbage-first heap   total 524288K, used 6281K [0x0000000601000000, 0x0000000800000000)
  region size 4096K, 1 young (4096K), 1 survivors (4096K)
 Metaspace       used 4398K, committed 4608K, reserved 1056768K
  class space    used 475K, committed 576K, reserved 1048576K
}
Event: 0.248 GC heap before
{Heap before GC invocations=1 (full 0):
 garbage-first heap   total 524288K, used 22665K [0x0000000601000000, 0x0000000800000000)
  region size 4096K, 6 young (24576K), 1 survivors (4096K)
 Metaspace       used 4398K, committed 4608K, reserved 1056768K
  class space    used 475K, committed 576K, reserved 1048576K
}
Event: 0.249 GC heap after
{Heap after GC invocations=2 (full 0):
 garbage-first heap   total 524288K, used 6464K [0x0000000601000000, 0x0000000800000000)
  region size 4096K, 1 young (4096K), 1 survivors (4096K)
 Metaspace       used 4398K, committed 4608K, reserved 1056768K
  class space    used 475K, committed 576K, reserved 1048576K
}
Event: 0.524 GC heap before
{Heap before GC invocations=2 (full 0):
 garbage-first heap   total 524288K, used 51520K [0x0000000601000000, 0x0000000800000000)
  region size 4096K, 13 young (53248K), 1 survivors (4096K)
 Metaspace       used 12952K, committed 13184K, reserved 1064960K
  class space    used 1584K, committed 1728K, reserved 1048576K
}
Event: 0.526 GC heap after
{Heap after GC invocations=3 (full 0):
 garbage-first heap   total 524288K, used 8730K [0x0000000601000000, 0x0000000800000000)
  region size 4096K, 1 young (4096K), 1 survivors (4096K)
 Metaspace       used 12952K, committed 13184K, reserved 1064960K
  class space    used 1584K, committed 1728K, reserved 1048576K
}
Event: 1.002 GC heap before
{Heap before GC invocations=3 (full 0):
 garbage-first heap   total 524288K, used 98842K [0x0000000601000000, 0x0000000800000000)
  region size 4096K, 25 young (102400K), 1 survivors (4096K)
 Metaspace       used 21210K, committed 21504K, reserved 1073152K
  class space    used 2649K, committed 2816K, reserved 1048576K
}
Event: 1.004 GC heap after
{Heap after GC invocations=4 (full 0):
 garbage-first heap   total 524288K, used 12395K [0x0000000601000000, 0x0000000800000000)
  region size 4096K, 2 young (8192K), 2 survivors (8192K)
 Metaspace       used 21210K, committed 21504K, reserved 1073152K
  class space    used 2649K, committed 2816K, reserved 1048576K
}
Event: 1.286 GC heap before
{Heap before GC invocations=5 (full 0):
 garbage-first heap   total 69632K, used 49259K [0x0000000601000000, 0x0000000800000000)
  region size 4096K, 12 young (49152K), 2 survivors (8192K)
 Metaspace       used 26074K, committed 26368K, reserved 1073152K
  class space    used 3311K, committed 3456K, reserved 1048576K
}
Event: 1.289 GC heap after
{Heap after GC invocations=6 (full 0):
 garbage-first heap   total 69632K, used 15284K [0x0000000601000000, 0x0000000800000000)
  region size 4096K, 3 young (12288K), 3 survivors (12288K)
 Metaspace       used 26074K, committed 26368K, reserved 1073152K
  class space    used 3311K, committed 3456K, reserved 1048576K
}
Event: 1.290 GC heap before
{Heap before GC invocations=6 (full 0):
 garbage-first heap   total 69632K, used 15284K [0x0000000601000000, 0x0000000800000000)
  region size 4096K, 4 young (16384K), 3 survivors (12288K)
 Metaspace       used 26074K, committed 26368K, reserved 1073152K
  class space    used 3311K, committed 3456K, reserved 1048576K
}
Event: 1.292 GC heap after
{Heap after GC invocations=7 (full 0):
 garbage-first heap   total 69632K, used 14798K [0x0000000601000000, 0x0000000800000000)
  region size 4096K, 1 young (4096K), 1 survivors (4096K)
 Metaspace       used 26074K, committed 26368K, reserved 1073152K
  class space    used 3311K, committed 3456K, reserved 1048576K
}
Event: 1.332 GC heap before
{Heap before GC invocations=7 (full 0):
 garbage-first heap   total 69632K, used 39374K [0x0000000601000000, 0x0000000800000000)
  region size 4096K, 8 young (32768K), 1 survivors (4096K)
 Metaspace       used 26782K, committed 27136K, reserved 1073152K
  class space    used 3372K, committed 3520K, reserved 1048576K
}
Event: 1.333 GC heap after
{Heap after GC invocations=8 (full 0):
 garbage-first heap   total 299008K, used 15578K [0x0000000601000000, 0x0000000800000000)
  region size 4096K, 1 young (4096K), 1 survivors (4096K)
 Metaspace       used 26782K, committed 27136K, reserved 1073152K
  class space    used 3372K, committed 3520K, reserved 1048576K
}
Event: 1.757 GC heap before
{Heap before GC invocations=8 (full 0):
 garbage-first heap   total 299008K, used 85210K [0x0000000601000000, 0x0000000800000000)
  region size 4096K, 20 young (81920K), 1 survivors (4096K)
 Metaspace       used 35690K, committed 35968K, reserved 1081344K
  class space    used 4728K, committed 4864K, reserved 1048576K
}
Event: 1.758 GC heap after
{Heap after GC invocations=9 (full 0):
 garbage-first heap   total 299008K, used 17759K [0x0000000601000000, 0x0000000800000000)
  region size 4096K, 1 young (4096K), 1 survivors (4096K)
 Metaspace       used 35690K, committed 35968K, reserved 1081344K
  class space    used 4728K, committed 4864K, reserved 1048576K
}
Event: 2.179 GC heap before
{Heap before GC invocations=10 (full 0):
 garbage-first heap   total 81920K, used 62815K [0x0000000601000000, 0x0000000800000000)
  region size 4096K, 12 young (49152K), 1 survivors (4096K)
 Metaspace       used 45661K, committed 46080K, reserved 1089536K
  class space    used 6153K, committed 6336K, reserved 1048576K
}
Event: 2.181 GC heap after
{Heap after GC invocations=11 (full 0):
 garbage-first heap   total 81920K, used 20495K [0x0000000601000000, 0x0000000800000000)
  region size 4096K, 2 young (8192K), 2 survivors (8192K)
 Metaspace       used 45661K, committed 46080K, reserved 1089536K
  class space    used 6153K, committed 6336K, reserved 1048576K
}
Event: 2.234 GC heap before
{Heap before GC invocations=11 (full 0):
 garbage-first heap   total 81920K, used 24591K [0x0000000601000000, 0x0000000800000000)
  region size 4096K, 3 young (12288K), 2 survivors (8192K)
 Metaspace       used 46882K, committed 47296K, reserved 1097728K
  class space    used 6288K, committed 6464K, reserved 1048576K
}
Event: 2.236 GC heap after
{Heap after GC invocations=12 (full 0):
 garbage-first heap   total 81920K, used 21304K [0x0000000601000000, 0x0000000800000000)
  region size 4096K, 1 young (4096K), 1 survivors (4096K)
 Metaspace       used 46882K, committed 47296K, reserved 1097728K
  class space    used 6288K, committed 6464K, reserved 1048576K
}

Deoptimization events (20 events):
Event: 2.263 Thread 0x000001f42f796330 Uncommon trap: trap_request=0xffffff54 fr.pc=0x000001f41073f38c relative=0x000000000000034c
Event: 2.263 Thread 0x000001f42f796330 Uncommon trap: reason=speculate_null_assert action=make_not_entrant pc=0x000001f41073f38c method=org.springframework.util.ConcurrentReferenceHashMap$Segment.restructureIfNecessary(Z)V @ 41 c2
Event: 2.263 Thread 0x000001f42f796330 DEOPT PACKING pc=0x000001f41073f38c sp=0x000000b410dfaba0
Event: 2.263 Thread 0x000001f42f796330 DEOPT UNPACKING pc=0x000001f408b823a3 sp=0x000000b410dfab58 mode 2
Event: 2.271 Thread 0x000001f42f796330 Uncommon trap: trap_request=0xffffffbe fr.pc=0x000001f4106ed11c relative=0x000000000000095c
Event: 2.271 Thread 0x000001f42f796330 Uncommon trap: reason=profile_predicate action=maybe_recompile pc=0x000001f4106ed11c method=java.lang.PublicMethods$MethodList.filter([Ljava/lang/reflect/Method;Ljava/lang/String;[Ljava/lang/Class;Z)Ljava/lang/PublicMethods$MethodList; @ 21 c2
Event: 2.271 Thread 0x000001f42f796330 DEOPT PACKING pc=0x000001f4106ed11c sp=0x000000b410dfb270
Event: 2.271 Thread 0x000001f42f796330 DEOPT UNPACKING pc=0x000001f408b823a3 sp=0x000000b410dfb228 mode 2
Event: 2.271 Thread 0x000001f42f796330 Uncommon trap: trap_request=0xffffffbe fr.pc=0x000001f4106ed11c relative=0x000000000000095c
Event: 2.271 Thread 0x000001f42f796330 Uncommon trap: reason=profile_predicate action=maybe_recompile pc=0x000001f4106ed11c method=java.lang.PublicMethods$MethodList.filter([Ljava/lang/reflect/Method;Ljava/lang/String;[Ljava/lang/Class;Z)Ljava/lang/PublicMethods$MethodList; @ 21 c2
Event: 2.271 Thread 0x000001f42f796330 DEOPT PACKING pc=0x000001f4106ed11c sp=0x000000b410dfb270
Event: 2.271 Thread 0x000001f42f796330 DEOPT UNPACKING pc=0x000001f408b823a3 sp=0x000000b410dfb228 mode 2
Event: 2.271 Thread 0x000001f42f796330 Uncommon trap: trap_request=0xffffffbe fr.pc=0x000001f4106ed11c relative=0x000000000000095c
Event: 2.271 Thread 0x000001f42f796330 Uncommon trap: reason=profile_predicate action=maybe_recompile pc=0x000001f4106ed11c method=java.lang.PublicMethods$MethodList.filter([Ljava/lang/reflect/Method;Ljava/lang/String;[Ljava/lang/Class;Z)Ljava/lang/PublicMethods$MethodList; @ 21 c2
Event: 2.271 Thread 0x000001f42f796330 DEOPT PACKING pc=0x000001f4106ed11c sp=0x000000b410dfb270
Event: 2.271 Thread 0x000001f42f796330 DEOPT UNPACKING pc=0x000001f408b823a3 sp=0x000000b410dfb228 mode 2
Event: 2.271 Thread 0x000001f42f796330 Uncommon trap: trap_request=0xffffffbe fr.pc=0x000001f4106ed11c relative=0x000000000000095c
Event: 2.271 Thread 0x000001f42f796330 Uncommon trap: reason=profile_predicate action=maybe_recompile pc=0x000001f4106ed11c method=java.lang.PublicMethods$MethodList.filter([Ljava/lang/reflect/Method;Ljava/lang/String;[Ljava/lang/Class;Z)Ljava/lang/PublicMethods$MethodList; @ 21 c2
Event: 2.271 Thread 0x000001f42f796330 DEOPT PACKING pc=0x000001f4106ed11c sp=0x000000b410dfb270
Event: 2.271 Thread 0x000001f42f796330 DEOPT UNPACKING pc=0x000001f408b823a3 sp=0x000000b410dfb228 mode 2

Classes unloaded (0 events):
No events

Classes redefined (0 events):
No events

Internal exceptions (20 events):
Event: 2.157 Thread 0x000001f42f796330 Exception <a 'java/lang/ClassNotFoundException'{0x0000000603671da8}: org/springframework/beans/factory/InitializingBeanCustomizer> (0x0000000603671da8) 
thrown [t:\workspace\open\src\hotspot\share\classfile\systemDictionary.cpp, line 256]
Event: 2.157 Thread 0x000001f42f796330 Exception <a 'java/lang/ClassNotFoundException'{0x0000000603677f20}: org/springframework/data/repository/core/support/RepositoryFactoryInformationCustomizer> (0x0000000603677f20) 
thrown [t:\workspace\open\src\hotspot\share\classfile\systemDictionary.cpp, line 256]
Event: 2.158 Thread 0x000001f42f796330 Exception <a 'java/lang/ClassNotFoundException'{0x00000006036833b0}: org/springframework/beans/factory/FactoryBeanCustomizer> (0x00000006036833b0) 
thrown [t:\workspace\open\src\hotspot\share\classfile\systemDictionary.cpp, line 256]
Event: 2.158 Thread 0x000001f42f796330 Exception <a 'java/lang/ClassNotFoundException'{0x000000060368c540}: org/springframework/beans/factory/BeanClassLoaderAwareCustomizer> (0x000000060368c540) 
thrown [t:\workspace\open\src\hotspot\share\classfile\systemDictionary.cpp, line 256]
Event: 2.158 Thread 0x000001f42f796330 Exception <a 'java/lang/ClassNotFoundException'{0x0000000603691fa8}: org/springframework/beans/factory/AwareCustomizer> (0x0000000603691fa8) 
thrown [t:\workspace\open\src\hotspot\share\classfile\systemDictionary.cpp, line 256]
Event: 2.158 Thread 0x000001f42f796330 Exception <a 'java/lang/ClassNotFoundException'{0x0000000603696da0}: org/springframework/beans/factory/BeanFactoryAwareCustomizer> (0x0000000603696da0) 
thrown [t:\workspace\open\src\hotspot\share\classfile\systemDictionary.cpp, line 256]
Event: 2.158 Thread 0x000001f42f796330 Exception <a 'java/lang/ClassNotFoundException'{0x000000060369cea8}: org/springframework/beans/factory/AwareCustomizer> (0x000000060369cea8) 
thrown [t:\workspace\open\src\hotspot\share\classfile\systemDictionary.cpp, line 256]
Event: 2.158 Thread 0x000001f42f796330 Exception <a 'java/lang/ClassNotFoundException'{0x00000006036a1e90}: org/springframework/context/ApplicationEventPublisherAwareCustomizer> (0x00000006036a1e90) 
thrown [t:\workspace\open\src\hotspot\share\classfile\systemDictionary.cpp, line 256]
Event: 2.159 Thread 0x000001f42f796330 Exception <a 'java/lang/ClassNotFoundException'{0x00000006036a8080}: org/springframework/beans/factory/AwareCustomizer> (0x00000006036a8080) 
thrown [t:\workspace\open\src\hotspot\share\classfile\systemDictionary.cpp, line 256]
Event: 2.161 Thread 0x000001f42f796330 Exception <a 'java/lang/ClassNotFoundException'{0x00000006036d52e0}: java/lang/ObjectCustomizer> (0x00000006036d52e0) 
thrown [t:\workspace\open\src\hotspot\share\classfile\systemDictionary.cpp, line 256]
Event: 2.161 Thread 0x000001f42f796330 Exception <a 'java/lang/ClassNotFoundException'{0x00000006036dd738}: org/springframework/core/io/support/PropertiesLoaderSupportCustomizer> (0x00000006036dd738) 
thrown [t:\workspace\open\src\hotspot\share\classfile\systemDictionary.cpp, line 256]
Event: 2.161 Thread 0x000001f42f796330 Exception <a 'java/lang/ClassNotFoundException'{0x00000006036eb648}: org/springframework/beans/factory/config/PropertiesFactoryBeanCustomizer> (0x00000006036eb648) 
thrown [t:\workspace\open\src\hotspot\share\classfile\systemDictionary.cpp, line 256]
Event: 2.162 Thread 0x000001f42f796330 Exception <a 'java/lang/ClassNotFoundException'{0x0000000603700ed0}: org/springframework/beans/factory/FactoryBeanCustomizer> (0x0000000603700ed0) 
thrown [t:\workspace\open\src\hotspot\share\classfile\systemDictionary.cpp, line 256]
Event: 2.162 Thread 0x000001f42f796330 Exception <a 'java/lang/ClassNotFoundException'{0x00000006037086a8}: org/springframework/beans/factory/InitializingBeanCustomizer> (0x00000006037086a8) 
thrown [t:\workspace\open\src\hotspot\share\classfile\systemDictionary.cpp, line 256]
Event: 2.245 Thread 0x000001f42f796330 Exception <a 'java/lang/ClassNotFoundException'{0x0000000620c9d2e0}: java/lang/ObjectCustomizer> (0x0000000620c9d2e0) 
thrown [t:\workspace\open\src\hotspot\share\classfile\systemDictionary.cpp, line 256]
Event: 2.246 Thread 0x000001f42f796330 Exception <a 'java/lang/ClassNotFoundException'{0x0000000620ca64a8}: com/test/manytomany/model/BoardCustomizer> (0x0000000620ca64a8) 
thrown [t:\workspace\open\src\hotspot\share\classfile\systemDictionary.cpp, line 256]
Event: 2.256 Thread 0x000001f42f796330 Exception <a 'java/lang/NoSuchMethodError'{0x0000000620d8f880}: 'int java.lang.invoke.DirectMethodHandle$Holder.invokeVirtual(java.lang.Object, java.lang.Object, java.lang.Object)'> (0x0000000620d8f880) 
thrown [t:\workspace\open\src\hotspot\share\interpreter\linkResolver.cpp, line 766]
Event: 2.261 Thread 0x000001f42f796330 Exception <a 'java/lang/ClassNotFoundException'{0x0000000620df5298}: java/lang/ObjectCustomizer> (0x0000000620df5298) 
thrown [t:\workspace\open\src\hotspot\share\classfile\systemDictionary.cpp, line 256]
Event: 2.261 Thread 0x000001f42f796330 Exception <a 'java/lang/ClassNotFoundException'{0x0000000620dfe230}: com/test/manytomany/model/PlayerCustomizer> (0x0000000620dfe230) 
thrown [t:\workspace\open\src\hotspot\share\classfile\systemDictionary.cpp, line 256]
Event: 2.278 Thread 0x000001f42f796330 Exception <a 'java/lang/IncompatibleClassChangeError'{0x0000000620fe55f8}: Found class java.lang.Object, but interface was expected> (0x0000000620fe55f8) 
thrown [t:\workspace\open\src\hotspot\share\interpreter\linkResolver.cpp, line 833]

VM Operations (20 events):
Event: 1.767 Executing VM operation: G1Concurrent
Event: 1.768 Executing VM operation: G1Concurrent done
Event: 1.771 Executing VM operation: G1Concurrent
Event: 1.771 Executing VM operation: G1Concurrent done
Event: 2.055 Executing VM operation: ICBufferFull
Event: 2.055 Executing VM operation: ICBufferFull done
Event: 2.087 Executing VM operation: HandshakeAllThreads
Event: 2.087 Executing VM operation: HandshakeAllThreads done
Event: 2.100 Executing VM operation: HandshakeAllThreads
Event: 2.100 Executing VM operation: HandshakeAllThreads done
Event: 2.109 Executing VM operation: HandshakeAllThreads
Event: 2.109 Executing VM operation: HandshakeAllThreads done
Event: 2.179 Executing VM operation: G1CollectForAllocation
Event: 2.181 Executing VM operation: G1CollectForAllocation done
Event: 2.234 Executing VM operation: G1CollectForAllocation
Event: 2.236 Executing VM operation: G1CollectForAllocation done
Event: 2.287 Executing VM operation: HandshakeAllThreads
Event: 2.287 Executing VM operation: HandshakeAllThreads done
Event: 2.287 Executing VM operation: HandshakeAllThreads
Event: 2.287 Executing VM operation: HandshakeAllThreads done

Events (20 events):
Event: 2.161 loading class java/lang/ObjectCustomizer
Event: 2.161 loading class java/lang/ObjectCustomizer done
Event: 2.164 loading class java/lang/SafeVarargs
Event: 2.164 loading class java/lang/SafeVarargs done
Event: 2.177 loading class java/util/concurrent/ConcurrentHashMap$TreeNode
Event: 2.177 loading class java/util/concurrent/ConcurrentHashMap$TreeNode done
Event: 2.177 loading class java/util/concurrent/ConcurrentHashMap$TreeBin
Event: 2.177 loading class java/util/concurrent/ConcurrentHashMap$TreeBin done
Event: 2.245 loading class java/lang/ObjectCustomizer
Event: 2.245 loading class java/lang/ObjectCustomizer done
Event: 2.245 loading class java/lang/ObjectCustomizer
Event: 2.245 loading class java/lang/ObjectCustomizer done
Event: 2.260 loading class java/util/WeakHashMap$KeyIterator
Event: 2.260 loading class java/util/WeakHashMap$KeyIterator done
Event: 2.261 loading class java/lang/ObjectCustomizer
Event: 2.261 loading class java/lang/ObjectCustomizer done
Event: 2.261 loading class java/lang/ObjectCustomizer
Event: 2.261 loading class java/lang/ObjectCustomizer done
Event: 2.280 loading class java/lang/Package$1PackageInfoProxy
Event: 2.280 loading class java/lang/Package$1PackageInfoProxy done


Dynamic libraries:
0x00007ff7e07f0000 - 0x00007ff7e07fe000 	C:\Users\matiw\.jdks\openjdk-17.0.1\bin\java.exe
0x00007ffe05b80000 - 0x00007ffe05d87000 	C:\WINDOWS\SYSTEM32\ntdll.dll
0x00007ffe04620000 - 0x00007ffe046dd000 	C:\WINDOWS\System32\KERNEL32.DLL
0x00007ffe03690000 - 0x00007ffe03a04000 	C:\WINDOWS\System32\KERNELBASE.dll
0x00007ffe03330000 - 0x00007ffe03441000 	C:\WINDOWS\System32\ucrtbase.dll
0x00007ffe00510000 - 0x00007ffe00528000 	C:\Users\matiw\.jdks\openjdk-17.0.1\bin\jli.dll
0x00007ffdf9490000 - 0x00007ffdf94aa000 	C:\Users\matiw\.jdks\openjdk-17.0.1\bin\VCRUNTIME140.dll
0x00007ffe05990000 - 0x00007ffe05b3c000 	C:\WINDOWS\System32\USER32.dll
0x00007ffe03190000 - 0x00007ffe031b6000 	C:\WINDOWS\System32\win32u.dll
0x00007ffde73a0000 - 0x00007ffde7645000 	C:\WINDOWS\WinSxS\amd64_microsoft.windows.common-controls_6595b64144ccf1df_6.0.22000.120_none_9d947278b86cc467\COMCTL32.dll
0x00007ffe04520000 - 0x00007ffe04549000 	C:\WINDOWS\System32\GDI32.dll
0x00007ffe04c70000 - 0x00007ffe04d13000 	C:\WINDOWS\System32\msvcrt.dll
0x00007ffe03450000 - 0x00007ffe03562000 	C:\WINDOWS\System32\gdi32full.dll
0x00007ffe03570000 - 0x00007ffe0360d000 	C:\WINDOWS\System32\msvcp_win.dll
0x00007ffe04eb0000 - 0x00007ffe04ee1000 	C:\WINDOWS\System32\IMM32.DLL
0x00007ffdffd70000 - 0x00007ffdffd7c000 	C:\Users\matiw\.jdks\openjdk-17.0.1\bin\vcruntime140_1.dll
0x00007ffdf6ea0000 - 0x00007ffdf6f2d000 	C:\Users\matiw\.jdks\openjdk-17.0.1\bin\msvcp140.dll
0x00007ffd981f0000 - 0x00007ffd98dae000 	C:\Users\matiw\.jdks\openjdk-17.0.1\bin\server\jvm.dll
0x00007ffe05850000 - 0x00007ffe058fc000 	C:\WINDOWS\System32\ADVAPI32.dll
0x00007ffe04800000 - 0x00007ffe0489d000 	C:\WINDOWS\System32\sechost.dll
0x00007ffe03a10000 - 0x00007ffe03b31000 	C:\WINDOWS\System32\RPCRT4.dll
0x00007ffe05270000 - 0x00007ffe05278000 	C:\WINDOWS\System32\PSAPI.DLL
0x00007ffdffc90000 - 0x00007ffdffc99000 	C:\WINDOWS\SYSTEM32\WSOCK32.dll
0x00007ffe03c80000 - 0x00007ffe03cef000 	C:\WINDOWS\System32\WS2_32.dll
0x00007ffdfdaf0000 - 0x00007ffdfdafa000 	C:\WINDOWS\SYSTEM32\VERSION.dll
0x00007ffdf5d90000 - 0x00007ffdf5dc3000 	C:\WINDOWS\SYSTEM32\WINMM.dll
0x00007ffe02230000 - 0x00007ffe02248000 	C:\WINDOWS\SYSTEM32\kernel.appcore.dll
0x00007ffdfe7e0000 - 0x00007ffdfe7ea000 	C:\Users\matiw\.jdks\openjdk-17.0.1\bin\jimage.dll
0x00007ffdefde0000 - 0x00007ffdf0001000 	C:\WINDOWS\SYSTEM32\DBGHELP.DLL
0x00007ffdefd20000 - 0x00007ffdefd51000 	C:\WINDOWS\SYSTEM32\dbgcore.DLL
0x00007ffe03610000 - 0x00007ffe0368f000 	C:\WINDOWS\System32\bcryptPrimitives.dll
0x00007ffdf8f80000 - 0x00007ffdf8f8e000 	C:\Users\matiw\.jdks\openjdk-17.0.1\bin\instrument.dll
0x00007ffdf9350000 - 0x00007ffdf9375000 	C:\Users\matiw\.jdks\openjdk-17.0.1\bin\java.dll
0x00007ffdf6dc0000 - 0x00007ffdf6e96000 	C:\Users\matiw\.jdks\openjdk-17.0.1\bin\svml.dll
0x00007ffe03cf0000 - 0x00007ffe0449e000 	C:\WINDOWS\System32\SHELL32.dll
0x00007ffe011c0000 - 0x00007ffe01a27000 	C:\WINDOWS\SYSTEM32\windows.storage.dll
0x00007ffe04ef0000 - 0x00007ffe05268000 	C:\WINDOWS\System32\combase.dll
0x00007ffe01050000 - 0x00007ffe011b6000 	C:\WINDOWS\SYSTEM32\wintypes.dll
0x00007ffe04d20000 - 0x00007ffe04e0a000 	C:\WINDOWS\System32\SHCORE.dll
0x00007ffe05930000 - 0x00007ffe0598d000 	C:\WINDOWS\System32\shlwapi.dll
0x00007ffe02f90000 - 0x00007ffe02fb1000 	C:\WINDOWS\SYSTEM32\profapi.dll
0x00007ffdf91c0000 - 0x00007ffdf91d8000 	C:\Users\matiw\.jdks\openjdk-17.0.1\bin\zip.dll
0x00007ffdf92f0000 - 0x00007ffdf9309000 	C:\Users\matiw\.jdks\openjdk-17.0.1\bin\net.dll
0x00007ffdfe350000 - 0x00007ffdfe45c000 	C:\WINDOWS\SYSTEM32\WINHTTP.dll
0x00007ffe02640000 - 0x00007ffe026a7000 	C:\WINDOWS\system32\mswsock.dll
0x00007ffdf92d0000 - 0x00007ffdf92e5000 	C:\Users\matiw\.jdks\openjdk-17.0.1\bin\nio.dll
0x00007ffdf8ef0000 - 0x00007ffdf8f0a000 	G:\programowanie\intellij\IntelliJ IDEA Community Edition 2021.3\bin\breakgen64.dll
0x00007ffdf9340000 - 0x00007ffdf9350000 	C:\Users\matiw\.jdks\openjdk-17.0.1\bin\verify.dll
0x00007ffdf8f70000 - 0x00007ffdf8f79000 	C:\Users\matiw\.jdks\openjdk-17.0.1\bin\management.dll
0x00007ffdf8f10000 - 0x00007ffdf8f1b000 	C:\Users\matiw\.jdks\openjdk-17.0.1\bin\management_ext.dll
0x00007ffdffca0000 - 0x00007ffdffcb7000 	C:\WINDOWS\system32\napinsp.dll
0x00007ffdfbd30000 - 0x00007ffdfbd4b000 	C:\WINDOWS\system32\pnrpnsp.dll
0x00007ffe01da0000 - 0x00007ffe01e87000 	C:\WINDOWS\SYSTEM32\DNSAPI.dll
0x00007ffe01d20000 - 0x00007ffe01d4d000 	C:\WINDOWS\SYSTEM32\IPHLPAPI.DLL
0x00007ffe048a0000 - 0x00007ffe048a9000 	C:\WINDOWS\System32\NSI.dll
0x00007ffdfbd10000 - 0x00007ffdfbd22000 	C:\WINDOWS\System32\winrnr.dll
0x00007ffde0460000 - 0x00007ffde0475000 	C:\WINDOWS\system32\wshbth.dll
0x00007ffdd30a0000 - 0x00007ffdd30bf000 	C:\WINDOWS\system32\nlansp_c.dll
0x00007ffdfb8f0000 - 0x00007ffdfb8fa000 	C:\Windows\System32\rasadhlp.dll
0x00007ffdfc3e0000 - 0x00007ffdfc461000 	C:\WINDOWS\System32\fwpuclnt.dll
0x00007ffe02860000 - 0x00007ffe02878000 	C:\WINDOWS\SYSTEM32\CRYPTSP.dll
0x00007ffe02190000 - 0x00007ffe021c5000 	C:\WINDOWS\system32\rsaenh.dll
0x00007ffe02700000 - 0x00007ffe02729000 	C:\WINDOWS\SYSTEM32\USERENV.dll
0x00007ffe02a40000 - 0x00007ffe02a67000 	C:\WINDOWS\SYSTEM32\bcrypt.dll
0x00007ffe02850000 - 0x00007ffe0285c000 	C:\WINDOWS\SYSTEM32\CRYPTBASE.dll
0x00007ffdfe5f0000 - 0x00007ffdfe609000 	C:\WINDOWS\SYSTEM32\dhcpcsvc6.DLL
0x00007ffdfe760000 - 0x00007ffdfe77e000 	C:\WINDOWS\SYSTEM32\dhcpcsvc.DLL

dbghelp: loaded successfully - version: 4.0.5 - missing functions: none
symbol engine: initialized successfully - sym options: 0x614 - pdb path: .;C:\Users\matiw\.jdks\openjdk-17.0.1\bin;C:\WINDOWS\SYSTEM32;C:\WINDOWS\WinSxS\amd64_microsoft.windows.common-controls_6595b64144ccf1df_6.0.22000.120_none_9d947278b86cc467;C:\Users\matiw\.jdks\openjdk-17.0.1\bin\server;G:\programowanie\intellij\IntelliJ IDEA Community Edition 2021.3\bin

VM Arguments:
jvm_args: -javaagent:G:\programowanie\intellij\IntelliJ IDEA Community Edition 2021.3\lib\idea_rt.jar=53975:G:\programowanie\intellij\IntelliJ IDEA Community Edition 2021.3\bin -Dfile.encoding=UTF-8 
java_command: com.test.manytomany.ManytomanyApplication
java_class_path (initial): G:\programowanie\intellij\programy\manytomany\target\classes;C:\Users\matiw\.m2\repository\org\springframework\boot\spring-boot-starter\2.6.2\spring-boot-starter-2.6.2.jar;C:\Users\matiw\.m2\repository\org\springframework\boot\spring-boot\2.6.2\spring-boot-2.6.2.jar;C:\Users\matiw\.m2\repository\org\springframework\spring-context\5.3.14\spring-context-5.3.14.jar;C:\Users\matiw\.m2\repository\org\springframework\boot\spring-boot-autoconfigure\2.6.2\spring-boot-autoconfigure-2.6.2.jar;C:\Users\matiw\.m2\repository\org\springframework\boot\spring-boot-starter-logging\2.6.2\spring-boot-starter-logging-2.6.2.jar;C:\Users\matiw\.m2\repository\ch\qos\logback\logback-classic\1.2.9\logback-classic-1.2.9.jar;C:\Users\matiw\.m2\repository\ch\qos\logback\logback-core\1.2.9\logback-core-1.2.9.jar;C:\Users\matiw\.m2\repository\org\apache\logging\log4j\log4j-to-slf4j\2.17.0\log4j-to-slf4j-2.17.0.jar;C:\Users\matiw\.m2\repository\org\apache\logging\log4j\log4j-api\2.17.0\log4j-api-2.17.0.jar;C:\Users\matiw\.m2\repository\org\slf4j\jul-to-slf4j\1.7.32\jul-to-slf4j-1.7.32.jar;C:\Users\matiw\.m2\repository\jakarta\annotation\jakarta.annotation-api\1.3.5\jakarta.annotation-api-1.3.5.jar;C:\Users\matiw\.m2\repository\org\springframework\spring-core\5.3.14\spring-core-5.3.14.jar;C:\Users\matiw\.m2\repository\org\springframework\spring-jcl\5.3.14\spring-jcl-5.3.14.jar;C:\Users\matiw\.m2\repository\org\yaml\snakeyaml\1.29\snakeyaml-1.29.jar;C:\Users\matiw\.m2\repository\jakarta\xml\bind\jakarta.xml.bind-api\2.3.3\jakarta.xml.bind-api-2.3.3.jar;C:\Users\matiw\.m2\repository\jakarta\activation\jakarta.activation-api\1.2.2\jakarta.activation-api-1.2.2.jar;C:\Users\matiw\.m2\repository\net\bytebuddy\byte-buddy\1.11.22\byte-buddy-1.11.22.jar;C:\Users\matiw\.m2\repository\org\springframework\boot\spring-boot-starter-data-jpa\2.6.2\spring-boot-starter-data-jpa-2.6.2.jar;C:\Users\matiw\.m2\repository\org\springframework\boot\spring-boot-starter-aop\2.6.2\spring-boot-st
Launcher Type: SUN_STANDARD

[Global flags]
     intx CICompilerCount                          = 4                                         {product} {ergonomic}
     uint ConcGCThreads                            = 3                                         {product} {ergonomic}
     uint G1ConcRefinementThreads                  = 10                                        {product} {ergonomic}
   size_t G1HeapRegionSize                         = 4194304                                   {product} {ergonomic}
    uintx GCDrainStackTargetSize                   = 64                                        {product} {ergonomic}
   size_t InitialHeapSize                          = 536870912                                 {product} {ergonomic}
   size_t MarkStackSize                            = 4194304                                   {product} {ergonomic}
   size_t MaxHeapSize                              = 8573157376                                {product} {ergonomic}
   size_t MaxNewSize                               = 5142216704                                {product} {ergonomic}
   size_t MinHeapDeltaBytes                        = 4194304                                   {product} {ergonomic}
   size_t MinHeapSize                              = 8388608                                   {product} {ergonomic}
    uintx NonNMethodCodeHeapSize                   = 5839372                                {pd product} {ergonomic}
    uintx NonProfiledCodeHeapSize                  = 122909434                              {pd product} {ergonomic}
    uintx ProfiledCodeHeapSize                     = 122909434                              {pd product} {ergonomic}
    uintx ReservedCodeCacheSize                    = 251658240                              {pd product} {ergonomic}
     bool SegmentedCodeCache                       = true                                      {product} {ergonomic}
   size_t SoftMaxHeapSize                          = 8573157376                             {manageable} {ergonomic}
     bool UseCompressedClassPointers               = true                           {product lp64_product} {ergonomic}
     bool UseCompressedOops                        = true                           {product lp64_product} {ergonomic}
     bool UseG1GC                                  = true                                      {product} {ergonomic}
     bool UseLargePagesIndividualAllocation        = false                                  {pd product} {ergonomic}

Logging:
Log output configuration:
 #0: stdout all=warning uptime,level,tags
 #1: stderr all=off uptime,level,tags

Environment Variables:
PATH=C:\Program Files (x86)\Common Files\Oracle\Java\javapath;C:\WINDOWS\system32;C:\WINDOWS;C:\WINDOWS\System32\Wbem;C:\WINDOWS\System32\WindowsPowerShell\v1.0\;C:\WINDOWS\System32\OpenSSH\;C:\Program Files\Docker\Docker\resources\bin;C:\ProgramData\DockerDesktop\version-bin;G:\programowanie\git\Git\cmd;C:\Users\matiw\AppData\Local\Microsoft\WindowsApps;;G:\programowanie\intellij\IntelliJ IDEA Community Edition 2021.3\bin;;G:\programowanie\visualstudiocode\Microsoft VS Code\bin
USERNAME=matiw
OS=Windows_NT
PROCESSOR_IDENTIFIER=AMD64 Family 25 Model 33 Stepping 0, AuthenticAMD



---------------  S Y S T E M  ---------------

OS:
 Windows 10 , 64 bit Build 22000 (10.0.22000.318)
OS uptime: 0 days 17:34 hours
Hyper-V role detected

CPU: total 12 (initial active 12) (12 cores per cpu, 2 threads per core) family 25 model 33 stepping 0 microcode 0x0, cx8, cmov, fxsr, ht, mmx, 3dnowpref, sse, sse2, sse3, ssse3, sse4a, sse4.1, sse4.2, popcnt, lzcnt, tsc, tscinvbit, avx, avx2, aes, erms, clmul, bmi1, bmi2, adx, sha, fma, vzeroupper, clflush, clflushopt, hv

Memory: 4k page, system-wide physical 32694M (18841M free)
TotalPageFile size 37558M (AvailPageFile size 22228M)
current process WorkingSet (physical memory assigned to process): 259M, peak: 290M
current process commit charge ("private bytes"): 303M, peak: 684M

vm_info: OpenJDK 64-Bit Server VM (17.0.1+12-39) for windows-amd64 JRE (17.0.1+12-39), built on Sep 27 2021 18:39:29 by "mach5one" with MS VC++ 16.8 (VS2019)

END.
